<?xml version="1.0" encoding="UTF-8"?>
<testng-results ignored="0" total="1" passed="1" failed="0" skipped="0">
  <reporter-output>
    <line>
      <![CDATA[Launch browser]]>
    </line>
  </reporter-output>
  <suite started-at="2018-12-06T06:49:51Z" name="Suite" finished-at="2018-12-06T06:52:02Z" duration-ms="130808">
    <groups>
    </groups>
    <test started-at="2018-12-06T06:49:51Z" name="Test" finished-at="2018-12-06T06:52:02Z" duration-ms="130808">
      <class name="com.medicita.mymessagetest.ComposeMsgTest">
        <test-method is-config="true" signature="configBC()[pri:0, instance:com.medicita.mymessagetest.ComposeMsgTest@63070bab]" started-at="2018-12-06T06:49:51Z" name="configBC" finished-at="2018-12-06T06:50:03Z" duration-ms="11590" status="PASS">
          <reporter-output>
            <line>
              <![CDATA[Launch browser]]>
            </line>
          </reporter-output>
        </test-method> <!-- configBC -->
        <test-method is-config="true" signature="configBM()[pri:0, instance:com.medicita.mymessagetest.ComposeMsgTest@63070bab]" started-at="2018-12-06T06:50:03Z" name="configBM" finished-at="2018-12-06T06:51:50Z" duration-ms="107138" status="PASS">
          <reporter-output>
          </reporter-output>
        </test-method> <!-- configBM -->
        <test-method signature="selectdoctortest()[pri:0, instance:com.medicita.mymessagetest.ComposeMsgTest@63070bab]" started-at="2018-12-06T06:51:50Z" name="selectdoctortest" finished-at="2018-12-06T06:52:02Z" duration-ms="12043" status="PASS">
          <reporter-output>
          </reporter-output>
        </test-method> <!-- selectdoctortest -->
        <test-method is-config="true" signature="configAM()[pri:0, instance:com.medicita.mymessagetest.ComposeMsgTest@63070bab]" started-at="2018-12-06T06:52:02Z" name="configAM" finished-at="2018-12-06T06:52:02Z" duration-ms="0" status="PASS">
          <reporter-output>
          </reporter-output>
        </test-method> <!-- configAM -->
        <test-method is-config="true" signature="configAC()[pri:0, instance:com.medicita.mymessagetest.ComposeMsgTest@63070bab]" started-at="2018-12-06T06:52:02Z" name="configAC" finished-at="2018-12-06T06:52:02Z" duration-ms="0" status="PASS">
          <reporter-output>
          </reporter-output>
        </test-method> <!-- configAC -->
      </class> <!-- com.medicita.mymessagetest.ComposeMsgTest -->
    </test> <!-- Test -->
  </suite> <!-- Suite -->
</testng-results>
