<?xml version="1.0" encoding="UTF-8"?>
<testng-results ignored="0" total="1" passed="1" failed="0" skipped="0">
  <reporter-output>
    <line>
      <![CDATA[Launch browser]]>
    </line>
  </reporter-output>
  <suite started-at="2018-11-29T10:24:26Z" name="Default suite" finished-at="2018-11-29T10:27:20Z" duration-ms="174739">
    <groups>
    </groups>
    <test started-at="2018-11-29T10:24:26Z" name="Default test" finished-at="2018-11-29T10:27:20Z" duration-ms="174739">
      <class name="com.medicita.logintest.logintest">
        <test-method is-config="true" signature="configBC()[pri:0, instance:com.medicita.logintest.logintest@63070bab]" started-at="2018-11-29T10:24:26Z" name="configBC" finished-at="2018-11-29T10:24:38Z" duration-ms="12707" status="PASS">
          <reporter-output>
            <line>
              <![CDATA[Launch browser]]>
            </line>
          </reporter-output>
        </test-method> <!-- configBC -->
        <test-method is-config="true" signature="configBM()[pri:0, instance:com.medicita.logintest.logintest@63070bab]" started-at="2018-11-29T10:24:38Z" name="configBM" finished-at="2018-11-29T10:25:05Z" duration-ms="26854" status="PASS">
          <reporter-output>
          </reporter-output>
        </test-method> <!-- configBM -->
        <test-method signature="verifylogintest()[pri:0, instance:com.medicita.logintest.logintest@63070bab]" started-at="2018-11-29T10:25:05Z" name="verifylogintest" finished-at="2018-11-29T10:27:20Z" duration-ms="135065" status="PASS">
          <reporter-output>
          </reporter-output>
        </test-method> <!-- verifylogintest -->
        <test-method is-config="true" signature="configAC()[pri:0, instance:com.medicita.logintest.logintest@63070bab]" started-at="2018-11-29T10:27:20Z" name="configAC" finished-at="2018-11-29T10:27:20Z" duration-ms="72" status="PASS">
          <reporter-output>
          </reporter-output>
        </test-method> <!-- configAC -->
        <test-method is-config="true" signature="configAM()[pri:0, instance:com.medicita.logintest.logintest@63070bab]" started-at="2018-11-29T10:27:20Z" name="configAM" finished-at="2018-11-29T10:27:20Z" duration-ms="0" status="PASS">
          <reporter-output>
          </reporter-output>
        </test-method> <!-- configAM -->
      </class> <!-- com.medicita.logintest.logintest -->
    </test> <!-- Default test -->
  </suite> <!-- Default suite -->
</testng-results>
